<?xml version="1.0" encoding="UTF-8"?>
<testsuite xmlns:xsi="http://www.w3.org/2001/XMLSchema-instance" xsi:noNamespaceSchemaLocation="https://maven.apache.org/surefire/maven-surefire-plugin/xsd/surefire-test-report-3.0.xsd" version="3.0" name="com.leovegas.playwright.PlaywrightResponseTimeTest" time="11.246" tests="1" errors="1" skipped="0" failures="0">
  <properties>
[...]
</properties>
  <testcase name="responseTimeAllEndpoints" classname="com.leovegas.playwright.PlaywrightResponseTimeTest" time="11.228">
    <error message="Error {&#10;  message=&apos;connect ECONNREFUSED 127.0.0.1:4567&#10;  name=&apos;Error&#10;  stack=&apos;Error: connect ECONNREFUSED 127.0.0.1:4567&#10;    at TCPConnectWrap.afterConnect [as oncomplete] (node:net:1595:16)&#10;}&#10;Call log:&#10;- → GET http://127.0.0.1:4567/hello&#10;-   user-agent: Playwright/1.40.0 (x64; ubuntu 24.04) java/17 CI/1&#10;-   accept: */*&#10;-   accept-encoding: gzip,deflate,br&#10;" type="com.microsoft.playwright.PlaywrightException"><![CDATA[com.microsoft.playwright.PlaywrightException: 
Error {
  message='connect ECONNREFUSED 127.0.0.1:4567
  name='Error
  stack='Error: connect ECONNREFUSED 127.0.0.1:4567
    at TCPConnectWrap.afterConnect [as oncomplete] (node:net:1595:16)
}
Call log:
- → GET http://127.0.0.1:4567/hello
-   user-agent: Playwright/1.40.0 (x64; ubuntu 24.04) java/17 CI/1
-   accept: */*
-   accept-encoding: gzip,deflate,br

	at com.microsoft.playwright.impl.WaitableResult.get(WaitableResult.java:54)
	at com.microsoft.playwright.impl.ChannelOwner.runUntil(ChannelOwner.java:120)
	at com.microsoft.playwright.impl.Connection.sendMessage(Connection.java:129)
	at com.microsoft.playwright.impl.ChannelOwner.sendMessage(ChannelOwner.java:106)
	at com.microsoft.playwright.impl.APIRequestContextImpl.fetchImpl(APIRequestContextImpl.java:122)
	at com.microsoft.playwright.impl.APIRequestContextImpl.lambda$fetch$1(APIRequestContextImpl.java:43)
	at com.microsoft.playwright.impl.LoggingSupport.withLogging(LoggingSupport.java:47)
	at com.microsoft.playwright.impl.ChannelOwner.withLogging(ChannelOwner.java:89)
	at com.microsoft.playwright.impl.APIRequestContextImpl.fetch(APIRequestContextImpl.java:43)
	at com.microsoft.playwright.impl.APIRequestContextImpl.get(APIRequestContextImpl.java:163)
	at com.microsoft.playwright.APIRequestContext.get(APIRequestContext.java:249)
	at com.leovegas.playwright.PlaywrightResponseTimeTest.responseTimeAllEndpoints(PlaywrightResponseTimeTest.java:26)
	at java.base/java.lang.reflect.Method.invoke(Method.java:569)
	at java.base/java.util.ArrayList.forEach(ArrayList.java:1511)
	at java.base/java.util.ArrayList.forEach(ArrayList.java:1511)
Caused by: com.microsoft.playwright.impl.DriverException: Error {
  message='connect ECONNREFUSED 127.0.0.1:4567
  name='Error
  stack='Error: connect ECONNREFUSED 127.0.0.1:4567
    at TCPConnectWrap.afterConnect [as oncomplete] (node:net:1595:16)
}
Call log:
- → GET http://127.0.0.1:4567/hello
-   user-agent: Playwright/1.40.0 (x64; ubuntu 24.04) java/17 CI/1
-   accept: */*
-   accept-encoding: gzip,deflate,br

	at com.microsoft.playwright.impl.Connection.dispatch(Connection.java:257)
	at com.microsoft.playwright.impl.Connection.processOneMessage(Connection.java:209)
	at com.microsoft.playwright.impl.ChannelOwner.runUntil(ChannelOwner.java:118)
	... 13 more
]]></error>
  </testcase>
</testsuite>