{
  "stats": {
    "suites": 4,
    "tests": 29,
    "passes": 29,
    "pending": 0,
    "failures": 0,
    "testsRegistered": 29,
    "passPercent": 100,
    "pendingPercent": 0,
    "other": 0,
    "hasOther": false,
    "skipped": 0,
    "hasSkipped": false,
    "start": "2026-02-22T10:42:30.477Z",
    "end": "2026-02-22T18:40:23.483Z",
    "duration": 28673006
  },
  "results": [
    {
      "uuid": "39f5171b-86d6-4888-a5b6-18d8a8fb7b74",
      "title": "",
      "fullFile": "cypress\\e2e\\api_spec.spec.js",
      "file": "cypress\\e2e\\api_spec.spec.js",
      "beforeHooks": [],
      "afterHooks": [],
      "tests": [],
      "suites": [
        {
          "uuid": "ab715485-ab11-423e-a5dd-6d2c1cf506ef",
          "title": "Mock API - Cypress reproduction of MockApiTest",
          "fullFile": "",
          "file": "",
          "beforeHooks": [],
          "afterHooks": [],
          "tests": [
            {
              "title": "testHelloEndpoint",
              "fullTitle": "Mock API - Cypress reproduction of MockApiTest testHelloEndpoint",
              "timedOut": null,
              "duration": 255,
              "state": "passed",
              "speed": "fast",
              "pass": true,
              "fail": false,
              "pending": false,
              "context": null,
              "code": "cy.api(`${base}/hello`).then(res => {\n  expect(res.status).to.equal(200);\n  expect(res.headers['content-type']).to.include('application/json');\n  expect(res.body).to.have.property('message', 'Hello, LeoVegas!');\n});\ncy.api({\n  url: `${base}/hello`,\n  method: 'POST',\n  failOnStatusCode: false\n}).then(res => {\n  expect([404, 405]).to.include(res.status);\n});",
              "err": {},
              "uuid": "2a9e528a-63e2-4944-8a32-3e0b0fbdede0",
              "parentUUID": "ab715485-ab11-423e-a5dd-6d2c1cf506ef",
              "isHook": false,
              "skipped": false
            },
            {
              "title": "testEchoEndpoint",
              "fullTitle": "Mock API - Cypress reproduction of MockApiTest testEchoEndpoint",
              "timedOut": null,
              "duration": 102,
              "state": "passed",
              "speed": "fast",
              "pass": true,
              "fail": false,
              "pending": false,
              "context": null,
              "code": "// Use a sample payload from the mock server so tests mirror real cases\ncy.api(`${base}/manyFieldsPayload`).then(sample => {\n  expect(sample.status).to.equal(200);\n  const payload = {\n    id: sample.body.id || 123,\n    device: sample.body.device || 'iPhone',\n    os: sample.body.os || 'iOS 17',\n    foo: 'bar'\n  };\n  cy.api({\n    url: `${base}/echo`,\n    method: 'POST',\n    body: payload,\n    headers: {\n      'content-type': 'application/json'\n    }\n  }).then(res => {\n    expect(res.status).to.equal(200);\n    expect(res.headers['content-type']).to.include('application/json');\n    expect(res.body).to.have.nested.property('echo.id', payload.id);\n    expect(res.body).to.have.nested.property('echo.device', payload.device);\n    expect(res.body).to.have.nested.property('echo.os', payload.os);\n    expect(res.body).to.have.nested.property('echo.foo', 'bar');\n  });\n  cy.api({\n    url: `${base}/echo`,\n    method: 'GET',\n    failOnStatusCode: false\n  }).then(res => {\n    expect([404, 405]).to.include(res.status);\n  });\n});",
              "err": {},
              "uuid": "92a266ec-b943-49f8-83b9-b8b8a1cc946e",
              "parentUUID": "ab715485-ab11-423e-a5dd-6d2c1cf506ef",
              "isHook": false,
              "skipped": false
            },
            {
              "title": "testLongResponseTime",
              "fullTitle": "Mock API - Cypress reproduction of MockApiTest testLongResponseTime",
              "timedOut": null,
              "duration": 5060,
              "state": "passed",
              "speed": "medium",
              "pass": true,
              "fail": false,
              "pending": false,
              "context": null,
              "code": "cy.api({\n  url: `${base}/long`,\n  timeout: 20000\n}).then(res => {\n  expect(res.status).to.equal(200);\n  // record response time for debug (Cypress doesn't expose .time(), but request has duration in ms)\n  // we can at least assert body present\n  expect(res.body).to.have.property('message');\n});\ncy.api({\n  url: `${base}/long`,\n  method: 'POST',\n  failOnStatusCode: false\n}).then(res => {\n  expect([404, 405]).to.include(res.status);\n});",
              "err": {},
              "uuid": "bb94e129-dea4-4825-a310-63cd36fe5e53",
              "parentUUID": "ab715485-ab11-423e-a5dd-6d2c1cf506ef",
              "isHook": false,
              "skipped": false
            },
            {
              "title": "testInvalidEndpoint",
              "fullTitle": "Mock API - Cypress reproduction of MockApiTest testInvalidEndpoint",
              "timedOut": null,
              "duration": 55,
              "state": "passed",
              "speed": "fast",
              "pass": true,
              "fail": false,
              "pending": false,
              "context": null,
              "code": "cy.api({\n  url: `${base}/notfound`,\n  failOnStatusCode: false\n}).then(res => {\n  expect(res.status).to.equal(404);\n});\ncy.api({\n  url: `${base}/notfound`,\n  method: 'POST',\n  failOnStatusCode: false\n}).then(res => {\n  expect(res.status).to.equal(404);\n});",
              "err": {},
              "uuid": "241fbe75-dff2-4b70-8119-4e40cf668982",
              "parentUUID": "ab715485-ab11-423e-a5dd-6d2c1cf506ef",
              "isHook": false,
              "skipped": false
            },
            {
              "title": "testEchoEndpointWithMissingOrInvalidPayload",
              "fullTitle": "Mock API - Cypress reproduction of MockApiTest testEchoEndpointWithMissingOrInvalidPayload",
              "timedOut": null,
              "duration": 157,
              "state": "passed",
              "speed": "fast",
              "pass": true,
              "fail": false,
              "pending": false,
              "context": null,
              "code": "// empty body\ncy.api({\n  url: `${base}/echo`,\n  method: 'POST',\n  headers: {\n    'content-type': 'application/json'\n  },\n  body: '',\n  failOnStatusCode: false\n}).then(res => {\n  expect(res.status).to.equal(200);\n  expect(res.body).to.have.property('echo', '');\n});\n// derive invalid and partial payloads from the sample\ncy.api(`${base}/manyFieldsPayload`).then(sample => {\n  const sampleJson = JSON.stringify(sample.body || {});\n  const invalid = sampleJson.substring(0, Math.max(1, sampleJson.length - 1));\n  cy.api({\n    url: `${base}/echo`,\n    method: 'POST',\n    body: invalid,\n    headers: {\n      'content-type': 'application/json'\n    }\n  }).then(res => {\n    expect(res.status).to.equal(200);\n    expect(res.body).to.have.property('echo', invalid);\n  });\n  const partial = {\n    id: sample.body.id,\n    device: sample.body.device\n  };\n  cy.api({\n    url: `${base}/echo`,\n    method: 'POST',\n    body: partial,\n    headers: {\n      'content-type': 'application/json'\n    }\n  }).then(res => {\n    expect(res.status).to.equal(200);\n    expect(res.body).to.have.nested.property('echo.id', partial.id);\n    expect(res.body).to.have.nested.property('echo.device', partial.device);\n  });\n});\n// PUT not allowed - derive a realistic payload from server sample\ncy.api(`${base}/manyFieldsPayload`).then(sampleForPut => {\n  const putPayload = {\n    foo: 'bar',\n    id: sampleForPut.body && sampleForPut.body.id,\n    device: sampleForPut.body && sampleForPut.body.device\n  };\n  cy.api({\n    url: `${base}/echo`,\n    method: 'PUT',\n    body: putPayload,\n    failOnStatusCode: false\n  }).then(res => {\n    expect([404, 405]).to.include(res.status);\n  });\n});",
              "err": {},
              "uuid": "dfdf2817-c382-4928-bbec-fd262e155068",
              "parentUUID": "ab715485-ab11-423e-a5dd-6d2c1cf506ef",
              "isHook": false,
              "skipped": false
            },
            {
              "title": "testManyFieldsPayload",
              "fullTitle": "Mock API - Cypress reproduction of MockApiTest testManyFieldsPayload",
              "timedOut": null,
              "duration": 99,
              "state": "passed",
              "speed": "fast",
              "pass": true,
              "fail": false,
              "pending": false,
              "context": null,
              "code": "cy.api(`${base}/manyFieldsPayload`).then(res => {\n  expect(res.status).to.equal(200);\n  expect(res.headers['content-type']).to.include('application/json');\n  expect(res.body).to.include({\n    id: 1001,\n    name: 'Alice',\n    email: 'alice@example.com',\n    age: 30,\n    country: 'SE',\n    city: 'Stockholm',\n    device: 'Android',\n    os: 'Android 14',\n    appVersion: '5.2.1',\n    sessionId: 'sess-abc-123',\n    isPremium: true,\n    locale: 'sv-SE',\n    currency: 'SEK',\n    features: 'A,B,C',\n    tags: 'tag1,tag2',\n    notes: 'test user with many fields'\n  });\n  // balance may be a number close to 1234.56\n  expect(res.body.balance).to.be.closeTo(1234.56, 0.01);\n  expect(res.body.lastLogin).to.equal('2026-02-20T10:00:00Z');\n});",
              "err": {},
              "uuid": "10dec152-5167-4b6a-ae67-b16657abb8b5",
              "parentUUID": "ab715485-ab11-423e-a5dd-6d2c1cf506ef",
              "isHook": false,
              "skipped": false
            },
            {
              "title": "testEchoEndpointWithLargePayload",
              "fullTitle": "Mock API - Cypress reproduction of MockApiTest testEchoEndpointWithLargePayload",
              "timedOut": null,
              "duration": 66,
              "state": "passed",
              "speed": "fast",
              "pass": true,
              "fail": false,
              "pending": false,
              "context": null,
              "code": "// Build a large payload based on the server-provided sample notes field\ncy.api(`${base}/manyFieldsPayload`).then(sample => {\n  const baseNotes = sample.body && sample.body.notes || 'x';\n  let large = baseNotes.repeat(Math.ceil(10000 / baseNotes.length)).substring(0, 10000);\n  const body = {\n    data: large\n  };\n  cy.api({\n    url: `${base}/echo`,\n    method: 'POST',\n    body: body,\n    headers: {\n      'content-type': 'application/json'\n    }\n  }).then(res => {\n    expect(res.status).to.equal(200);\n    expect(res.headers['content-type']).to.include('application/json');\n    expect(res.body).to.have.nested.property('echo.data', large);\n  });\n});",
              "err": {},
              "uuid": "f1b6b7bb-70d6-44f2-a958-75eccc0c2248",
              "parentUUID": "ab715485-ab11-423e-a5dd-6d2c1cf506ef",
              "isHook": false,
              "skipped": false
            }
          ],
          "suites": [],
          "passes": [
            "2a9e528a-63e2-4944-8a32-3e0b0fbdede0",
            "92a266ec-b943-49f8-83b9-b8b8a1cc946e",
            "bb94e129-dea4-4825-a310-63cd36fe5e53",
            "241fbe75-dff2-4b70-8119-4e40cf668982",
            "dfdf2817-c382-4928-bbec-fd262e155068",
            "10dec152-5167-4b6a-ae67-b16657abb8b5",
            "f1b6b7bb-70d6-44f2-a958-75eccc0c2248"
          ],
          "failures": [],
          "pending": [],
          "skipped": [],
          "duration": 5794,
          "root": false,
          "rootEmpty": false,
          "_timeout": 2000
        }
      ],
      "passes": [],
      "failures": [],
      "pending": [],
      "skipped": [],
      "duration": 0,
      "root": true,
      "rootEmpty": true,
      "_timeout": 2000
    },
    {
      "uuid": "9b9b78ed-83a1-4311-af76-3bab8c32aaf8",
      "title": "",
      "fullFile": "cypress\\e2e\\api_spec.spec.js",
      "file": "cypress\\e2e\\api_spec.spec.js",
      "beforeHooks": [],
      "afterHooks": [],
      "tests": [],
      "suites": [
        {
          "uuid": "0a9543ed-4bf0-43b3-97dd-22228494ff2a",
          "title": "Mock API - Cypress reproduction of MockApiTest",
          "fullFile": "",
          "file": "",
          "beforeHooks": [],
          "afterHooks": [],
          "tests": [
            {
              "title": "testHelloEndpoint",
              "fullTitle": "Mock API - Cypress reproduction of MockApiTest testHelloEndpoint",
              "timedOut": null,
              "duration": 260,
              "state": "passed",
              "speed": "fast",
              "pass": true,
              "fail": false,
              "pending": false,
              "context": null,
              "code": "cy.api(`${base}/hello`).then(res => {\n  expect(res.status).to.equal(200);\n  expect(res.headers['content-type']).to.include('application/json');\n  expect(res.body).to.have.property('message', 'Hello, LeoVegas!');\n});\ncy.api({\n  url: `${base}/hello`,\n  method: 'POST',\n  failOnStatusCode: false\n}).then(res => {\n  expect([404, 405]).to.include(res.status);\n});",
              "err": {},
              "uuid": "113e65ee-7473-4f6c-8d09-a30a58305fa5",
              "parentUUID": "0a9543ed-4bf0-43b3-97dd-22228494ff2a",
              "isHook": false,
              "skipped": false
            },
            {
              "title": "testEchoEndpoint",
              "fullTitle": "Mock API - Cypress reproduction of MockApiTest testEchoEndpoint",
              "timedOut": null,
              "duration": 103,
              "state": "passed",
              "speed": "fast",
              "pass": true,
              "fail": false,
              "pending": false,
              "context": null,
              "code": "// Use a sample payload from the mock server so tests mirror real cases\ncy.api(`${base}/manyFieldsPayload`).then(sample => {\n  expect(sample.status).to.equal(200);\n  const payload = {\n    id: sample.body.id || 123,\n    device: sample.body.device || 'iPhone',\n    os: sample.body.os || 'iOS 17',\n    foo: 'bar'\n  };\n  cy.api({\n    url: `${base}/echo`,\n    method: 'POST',\n    body: payload,\n    headers: {\n      'content-type': 'application/json'\n    }\n  }).then(res => {\n    expect(res.status).to.equal(200);\n    expect(res.headers['content-type']).to.include('application/json');\n    expect(res.body).to.have.nested.property('echo.id', payload.id);\n    expect(res.body).to.have.nested.property('echo.device', payload.device);\n    expect(res.body).to.have.nested.property('echo.os', payload.os);\n    expect(res.body).to.have.nested.property('echo.foo', 'bar');\n  });\n  cy.api({\n    url: `${base}/echo`,\n    method: 'GET',\n    failOnStatusCode: false\n  }).then(res => {\n    expect([404, 405]).to.include(res.status);\n  });\n});",
              "err": {},
              "uuid": "9f317be9-2323-4515-a7f8-5b521aa661a5",
              "parentUUID": "0a9543ed-4bf0-43b3-97dd-22228494ff2a",
              "isHook": false,
              "skipped": false
            },
            {
              "title": "testLongResponseTime",
              "fullTitle": "Mock API - Cypress reproduction of MockApiTest testLongResponseTime",
              "timedOut": null,
              "duration": 5059,
              "state": "passed",
              "speed": "medium",
              "pass": true,
              "fail": false,
              "pending": false,
              "context": null,
              "code": "cy.api({\n  url: `${base}/long`,\n  timeout: 20000\n}).then(res => {\n  expect(res.status).to.equal(200);\n  // record response time for debug (Cypress doesn't expose .time(), but request has duration in ms)\n  // we can at least assert body present\n  expect(res.body).to.have.property('message');\n});\ncy.api({\n  url: `${base}/long`,\n  method: 'POST',\n  failOnStatusCode: false\n}).then(res => {\n  expect([404, 405]).to.include(res.status);\n});",
              "err": {},
              "uuid": "9b4b0fb3-fa9c-439a-84e8-a5ce25382f95",
              "parentUUID": "0a9543ed-4bf0-43b3-97dd-22228494ff2a",
              "isHook": false,
              "skipped": false
            },
            {
              "title": "testInvalidEndpoint",
              "fullTitle": "Mock API - Cypress reproduction of MockApiTest testInvalidEndpoint",
              "timedOut": null,
              "duration": 56,
              "state": "passed",
              "speed": "fast",
              "pass": true,
              "fail": false,
              "pending": false,
              "context": null,
              "code": "cy.api({\n  url: `${base}/notfound`,\n  failOnStatusCode: false\n}).then(res => {\n  expect(res.status).to.equal(404);\n});\ncy.api({\n  url: `${base}/notfound`,\n  method: 'POST',\n  failOnStatusCode: false\n}).then(res => {\n  expect(res.status).to.equal(404);\n});",
              "err": {},
              "uuid": "0ef64ef8-f170-4ab3-b688-92123bce74c6",
              "parentUUID": "0a9543ed-4bf0-43b3-97dd-22228494ff2a",
              "isHook": false,
              "skipped": false
            },
            {
              "title": "testEchoEndpointWithMissingOrInvalidPayload",
              "fullTitle": "Mock API - Cypress reproduction of MockApiTest testEchoEndpointWithMissingOrInvalidPayload",
              "timedOut": null,
              "duration": 141,
              "state": "passed",
              "speed": "fast",
              "pass": true,
              "fail": false,
              "pending": false,
              "context": null,
              "code": "// empty body\ncy.api({\n  url: `${base}/echo`,\n  method: 'POST',\n  headers: {\n    'content-type': 'application/json'\n  },\n  body: '',\n  failOnStatusCode: false\n}).then(res => {\n  expect(res.status).to.equal(200);\n  expect(res.body).to.have.property('echo', '');\n});\n// derive invalid and partial payloads from the sample\ncy.api(`${base}/manyFieldsPayload`).then(sample => {\n  const sampleJson = JSON.stringify(sample.body || {});\n  const invalid = sampleJson.substring(0, Math.max(1, sampleJson.length - 1));\n  cy.api({\n    url: `${base}/echo`,\n    method: 'POST',\n    body: invalid,\n    headers: {\n      'content-type': 'application/json'\n    }\n  }).then(res => {\n    expect(res.status).to.equal(200);\n    expect(res.body).to.have.property('echo', invalid);\n  });\n  const partial = {\n    id: sample.body.id,\n    device: sample.body.device\n  };\n  cy.api({\n    url: `${base}/echo`,\n    method: 'POST',\n    body: partial,\n    headers: {\n      'content-type': 'application/json'\n    }\n  }).then(res => {\n    expect(res.status).to.equal(200);\n    expect(res.body).to.have.nested.property('echo.id', partial.id);\n    expect(res.body).to.have.nested.property('echo.device', partial.device);\n  });\n});\n// PUT not allowed - derive a realistic payload from server sample\ncy.api(`${base}/manyFieldsPayload`).then(sampleForPut => {\n  const putPayload = {\n    foo: 'bar',\n    id: sampleForPut.body && sampleForPut.body.id,\n    device: sampleForPut.body && sampleForPut.body.device\n  };\n  cy.api({\n    url: `${base}/echo`,\n    method: 'PUT',\n    body: putPayload,\n    failOnStatusCode: false\n  }).then(res => {\n    expect([404, 405]).to.include(res.status);\n  });\n});",
              "err": {},
              "uuid": "9b1dd6d1-1a66-4f4b-898a-5f78c65ccdfe",
              "parentUUID": "0a9543ed-4bf0-43b3-97dd-22228494ff2a",
              "isHook": false,
              "skipped": false
            },
            {
              "title": "testManyFieldsPayload",
              "fullTitle": "Mock API - Cypress reproduction of MockApiTest testManyFieldsPayload",
              "timedOut": null,
              "duration": 81,
              "state": "passed",
              "speed": "fast",
              "pass": true,
              "fail": false,
              "pending": false,
              "context": null,
              "code": "cy.api(`${base}/manyFieldsPayload`).then(res => {\n  expect(res.status).to.equal(200);\n  expect(res.headers['content-type']).to.include('application/json');\n  expect(res.body).to.include({\n    id: 1001,\n    name: 'Alice',\n    email: 'alice@example.com',\n    age: 30,\n    country: 'SE',\n    city: 'Stockholm',\n    device: 'Android',\n    os: 'Android 14',\n    appVersion: '5.2.1',\n    sessionId: 'sess-abc-123',\n    isPremium: true,\n    locale: 'sv-SE',\n    currency: 'SEK',\n    features: 'A,B,C',\n    tags: 'tag1,tag2',\n    notes: 'test user with many fields'\n  });\n  // balance may be a number close to 1234.56\n  expect(res.body.balance).to.be.closeTo(1234.56, 0.01);\n  expect(res.body.lastLogin).to.equal('2026-02-20T10:00:00Z');\n});",
              "err": {},
              "uuid": "f1252b30-4b36-4129-8271-4c11bdba1f8c",
              "parentUUID": "0a9543ed-4bf0-43b3-97dd-22228494ff2a",
              "isHook": false,
              "skipped": false
            },
            {
              "title": "testEchoEndpointWithLargePayload",
              "fullTitle": "Mock API - Cypress reproduction of MockApiTest testEchoEndpointWithLargePayload",
              "timedOut": null,
              "duration": 61,
              "state": "passed",
              "speed": "fast",
              "pass": true,
              "fail": false,
              "pending": false,
              "context": null,
              "code": "// Build a large payload based on the server-provided sample notes field\ncy.api(`${base}/manyFieldsPayload`).then(sample => {\n  const baseNotes = sample.body && sample.body.notes || 'x';\n  let large = baseNotes.repeat(Math.ceil(10000 / baseNotes.length)).substring(0, 10000);\n  const body = {\n    data: large\n  };\n  cy.api({\n    url: `${base}/echo`,\n    method: 'POST',\n    body: body,\n    headers: {\n      'content-type': 'application/json'\n    }\n  }).then(res => {\n    expect(res.status).to.equal(200);\n    expect(res.headers['content-type']).to.include('application/json');\n    expect(res.body).to.have.nested.property('echo.data', large);\n  });\n});",
              "err": {},
              "uuid": "a7d5cbd6-d139-4589-8173-1a7afdadb656",
              "parentUUID": "0a9543ed-4bf0-43b3-97dd-22228494ff2a",
              "isHook": false,
              "skipped": false
            }
          ],
          "suites": [],
          "passes": [
            "113e65ee-7473-4f6c-8d09-a30a58305fa5",
            "9f317be9-2323-4515-a7f8-5b521aa661a5",
            "9b4b0fb3-fa9c-439a-84e8-a5ce25382f95",
            "0ef64ef8-f170-4ab3-b688-92123bce74c6",
            "9b1dd6d1-1a66-4f4b-898a-5f78c65ccdfe",
            "f1252b30-4b36-4129-8271-4c11bdba1f8c",
            "a7d5cbd6-d139-4589-8173-1a7afdadb656"
          ],
          "failures": [],
          "pending": [],
          "skipped": [],
          "duration": 5761,
          "root": false,
          "rootEmpty": false,
          "_timeout": 2000
        }
      ],
      "passes": [],
      "failures": [],
      "pending": [],
      "skipped": [],
      "duration": 0,
      "root": true,
      "rootEmpty": true,
      "_timeout": 2000
    },
    {
      "uuid": "3382a1e2-7311-4ca8-8241-e451b707c7d0",
      "title": "",
      "fullFile": "cypress\\e2e\\leovegas.spec.js",
      "file": "cypress\\e2e\\leovegas.spec.js",
      "beforeHooks": [],
      "afterHooks": [],
      "tests": [],
      "suites": [
        {
          "uuid": "b1b0a7c6-a896-4eee-a19b-f9efc02113c7",
          "title": "Leovegas big generated suite",
          "fullFile": "",
          "file": "",
          "beforeHooks": [],
          "afterHooks": [],
          "tests": [
            {
              "title": "leovegas #1 - /",
              "fullTitle": "Leovegas big generated suite leovegas #1 - /",
              "timedOut": null,
              "duration": 6366,
              "state": "passed",
              "speed": "medium",
              "pass": true,
              "fail": false,
              "pending": false,
              "context": null,
              "code": "const url = 'https://www.leovegas.es/';\nconst rndWait = 822;\ncy.request({\n  url,\n  failOnStatusCode: false,\n  timeout: 20000\n}).then(resp => {\n  expect([200, 301, 302, 403, 404]).to.include(resp.status);\n});\ncy.visit(url, {\n  timeout: 30000\n});\ncy.wait(rndWait);\ncy.get('nav', {\n  timeout: 15000\n}).should('exist');\ncy.optional('nav').then($nav => {\n  if ($nav.length) cy.wrap($nav).should('be.visible');\n});\ncy.get('body', {\n  timeout: 10000\n}).then($b => {\n  const anchors = $b.find('a').toArray();\n  if (anchors.length === 0) return;\n  const candidate = anchors.find(a => {\n    const href = a.getAttribute && a.getAttribute('href') || '';\n    return href && href !== '#' && !href.startsWith('javascript:') && !/login|auth|signup|mailto:/i.test(href);\n  });\n  if (!candidate) {\n    cy.log('no suitable anchor found');\n    return;\n  }\n  cy.wrap(candidate).click({\n    force: true\n  });\n  cy.wait(300 + Math.floor(Math.random() * 700));\n  cy.go('back');\n});\ncy.title().then(t => {\n  expect(t.length).to.be.at.least(0);\n});",
              "err": {},
              "uuid": "32262fa2-adb1-4be2-b7d0-e50d7ed5277b",
              "parentUUID": "b1b0a7c6-a896-4eee-a19b-f9efc02113c7",
              "isHook": false,
              "skipped": false
            },
            {
              "title": "leovegas #2 - homepage has header and links",
              "fullTitle": "Leovegas big generated suite leovegas #2 - homepage has header and links",
              "timedOut": null,
              "duration": 3007,
              "state": "passed",
              "speed": "fast",
              "pass": true,
              "fail": false,
              "pending": false,
              "context": null,
              "code": "const url = 'https://www.leovegas.es/';\ncy.visit(url, {\n  timeout: 30000\n});\ncy.get('header, nav', {\n  timeout: 15000\n}).should('exist');\ncy.optional('header, nav').then($hn => {\n  if ($hn.length) cy.wrap($hn).should('be.visible');\n});\ncy.get('a', {\n  timeout: 8000\n}).its('length').should('be.gte', 1);",
              "err": {},
              "uuid": "0d0a3267-8860-4407-8fe8-edfb49ec091c",
              "parentUUID": "b1b0a7c6-a896-4eee-a19b-f9efc02113c7",
              "isHook": false,
              "skipped": false
            },
            {
              "title": "leovegas #3 - homepage footer and legal links",
              "fullTitle": "Leovegas big generated suite leovegas #3 - homepage footer and legal links",
              "timedOut": null,
              "duration": 1842,
              "state": "passed",
              "speed": "fast",
              "pass": true,
              "fail": false,
              "pending": false,
              "context": null,
              "code": "const url = 'https://www.leovegas.es/';\ncy.visit(url, {\n  timeout: 30000\n});\ncy.get('footer', {\n  timeout: 15000\n}).should('exist');\ncy.optional('footer').then($f => {\n  if ($f.length) cy.wrap($f).should('be.visible');\n});\n// look for common legal/terms links in footer\ncy.get('footer a', {\n  timeout: 8000\n}).then($links => {\n  const texts = $links.toArray().map(el => el.textContent.trim()).join(' ');\n  expect(/términos|terms|legal|privacidad|privacy/i.test(texts)).to.be.true;\n});",
              "err": {},
              "uuid": "1b541fe9-40fd-4799-baeb-31f69972fc65",
              "parentUUID": "b1b0a7c6-a896-4eee-a19b-f9efc02113c7",
              "isHook": false,
              "skipped": false
            },
            {
              "title": "leovegas #4 - homepage has a visible CTA (play/register)",
              "fullTitle": "Leovegas big generated suite leovegas #4 - homepage has a visible CTA (play/register)",
              "timedOut": null,
              "duration": 1997,
              "state": "passed",
              "speed": "fast",
              "pass": true,
              "fail": false,
              "pending": false,
              "context": null,
              "code": "const url = 'https://www.leovegas.es/';\ncy.visit(url, {\n  timeout: 30000\n});\n// look for common CTA text in visible buttons/links (ignore hidden elements)\ncy.get('a,button', {\n  timeout: 10000\n}).then($els => {\n  // non-fatal visibility reinforcement for first control\n  cy.optional('a,button').then($o => {\n    if ($o.length) cy.wrap($o.first()).should('be.visible');\n  });\n  const visibleMatch = $els.toArray().some(el => {\n    const text = (el.textContent || '').trim();\n    return /jugar|play|registrar|registro|sign ?up|join/i.test(text) && Cypress.dom.isVisible(el);\n  });\n  expect(visibleMatch).to.be.true;\n});",
              "err": {},
              "uuid": "40e0f07c-ee8d-4812-b51c-40c09b0ef53c",
              "parentUUID": "b1b0a7c6-a896-4eee-a19b-f9efc02113c7",
              "isHook": false,
              "skipped": false
            },
            {
              "title": "leovegas #5 - navigate first prominent link and back",
              "fullTitle": "Leovegas big generated suite leovegas #5 - navigate first prominent link and back",
              "timedOut": null,
              "duration": 2755,
              "state": "passed",
              "speed": "fast",
              "pass": true,
              "fail": false,
              "pending": false,
              "context": null,
              "code": "const url = 'https://www.leovegas.es/';\ncy.visit(url, {\n  timeout: 30000\n});\n// use direct DOM lookup\ncy.document().then(doc => {\n  const links = Array.from(doc.querySelectorAll('nav a, header a'));\n  if (!links || links.length === 0) {\n    cy.log('no nav links found');\n    return;\n  }\n  const candidate = links.find(a => {\n    const href = a.getAttribute('href') || '';\n    return href && href !== '#' && !href.startsWith('javascript:') && !/login|auth|signup|mailto:/i.test(href);\n  });\n  if (!candidate) {\n    cy.log('no suitable nav link found');\n    return;\n  }\n  cy.wrap(candidate).click({\n    force: true\n  });\n  cy.wait(500);\n  cy.location('href').then(href => {\n    if (href === url) {\n      cy.log('click did not navigate away from homepage');\n    } else {\n      cy.get('h1, h2', {\n        timeout: 8000\n      }).then($h => {\n        if ($h.length === 0) cy.log('no h1/h2 found on navigated page');\n      });\n    }\n  });\n  cy.go('back');\n});",
              "err": {},
              "uuid": "abe7b7aa-30ac-49b7-b1ed-a1aa22cf1fe9",
              "parentUUID": "b1b0a7c6-a896-4eee-a19b-f9efc02113c7",
              "isHook": false,
              "skipped": false
            },
            {
              "title": "leovegas #6 - try header/footer search if present",
              "fullTitle": "Leovegas big generated suite leovegas #6 - try header/footer search if present",
              "timedOut": null,
              "duration": 2184,
              "state": "passed",
              "speed": "fast",
              "pass": true,
              "fail": false,
              "pending": false,
              "context": null,
              "code": "const url = 'https://www.leovegas.es/';\ncy.visit(url, {\n  timeout: 30000\n});\n// look for inputs via DOM to avoid cy.get timeouts when none exist\ncy.document().then(doc => {\n  // prefer semantic attributes/labels for search inputs\n  const candidate = doc.querySelector('input[placeholder*=\"buscar\" i], input[aria-label*=\"search\" i], input[name*=\"q\" i], input[id*=\"search\" i]');\n  if (!candidate) {\n    cy.log('no search input candidate found');\n    return;\n  }\n  cy.wrap(candidate).type('slots{enter}');\n  cy.wait(800);\n  cy.document().then(d => {\n    if (d.querySelector('.search-results, .results, .product-list')) {\n      expect(true).to.be.true;\n    } else {\n      cy.url().should('not.eq', url);\n    }\n  });\n});",
              "err": {},
              "uuid": "dbbfc9c6-26e5-4c15-80fd-55e121c8203c",
              "parentUUID": "b1b0a7c6-a896-4eee-a19b-f9efc02113c7",
              "isHook": false,
              "skipped": false
            },
            {
              "title": "leovegas #7 - detect language switch presence (try english)",
              "fullTitle": "Leovegas big generated suite leovegas #7 - detect language switch presence (try english)",
              "timedOut": null,
              "duration": 1897,
              "state": "passed",
              "speed": "fast",
              "pass": true,
              "fail": false,
              "pending": false,
              "context": null,
              "code": "const url = 'https://www.leovegas.es/';\ncy.visit(url, {\n  timeout: 30000\n});\n// use DOM query to make this check optional\ncy.document().then(doc => {\n  const anchors = doc.querySelectorAll('a[hreflang=\"en\"], a[href*=\"/en/\"]');\n  if (!anchors || anchors.length === 0) {\n    cy.log('no english language link found');\n    return;\n  }\n  const first = anchors[0];\n  cy.wrap(first).click({\n    force: true\n  });\n  cy.location('pathname', {\n    timeout: 10000\n  }).then(p => {\n    if (!/\\/en\\//.test(p)) cy.log('navigated but /en/ not present');\n  });\n});",
              "err": {},
              "uuid": "c0e09ef6-e9fb-4272-80b9-f301d28793d8",
              "parentUUID": "b1b0a7c6-a896-4eee-a19b-f9efc02113c7",
              "isHook": false,
              "skipped": false
            },
            {
              "title": "leovegas #8 - open promotions/offers and assert content",
              "fullTitle": "Leovegas big generated suite leovegas #8 - open promotions/offers and assert content",
              "timedOut": null,
              "duration": 2030,
              "state": "passed",
              "speed": "fast",
              "pass": true,
              "fail": false,
              "pending": false,
              "context": null,
              "code": "const url = 'https://www.leovegas.es/';\ncy.visit(url, {\n  timeout: 30000\n});\ncy.contains(/promo|oferta|bono|offers|promotions/i, {\n  timeout: 10000\n}).then($el => {\n  if (!$el || $el.length === 0) {\n    cy.log('no promotions link found');\n    return;\n  }\n  cy.wrap($el).click({\n    force: true\n  });\n  cy.get('body', {\n    timeout: 10000\n  }).then($b => {\n    if ($b.find('.offer, .offers, .promotion, .promotions').length) {\n      expect(true).to.be.true;\n    } else {\n      cy.log('no offers list found after clicking promotions');\n    }\n  });\n});",
              "err": {},
              "uuid": "7e0d2247-86b4-4edc-b207-d6d8f691bee0",
              "parentUUID": "b1b0a7c6-a896-4eee-a19b-f9efc02113c7",
              "isHook": false,
              "skipped": false
            },
            {
              "title": "leovegas #9 - footer social links present and have hrefs",
              "fullTitle": "Leovegas big generated suite leovegas #9 - footer social links present and have hrefs",
              "timedOut": null,
              "duration": 2061,
              "state": "passed",
              "speed": "fast",
              "pass": true,
              "fail": false,
              "pending": false,
              "context": null,
              "code": "const url = 'https://www.leovegas.es/';\ncy.visit(url, {\n  timeout: 30000\n});\ncy.get('footer a', {\n  timeout: 10000\n}).then($links => {\n  const social = Array.from($links).filter(el => /facebook|twitter|instagram|youtube|tiktok/i.test(el.href || ''));\n  if (social.length === 0) {\n    cy.log('no social links in footer');\n    return;\n  }\n  social.forEach(el => {\n    expect(el.href).to.match(/^https?:\\/\\//);\n  });\n});",
              "err": {},
              "uuid": "e1f66446-3d80-41ac-ac3c-b53b67b7a872",
              "parentUUID": "b1b0a7c6-a896-4eee-a19b-f9efc02113c7",
              "isHook": false,
              "skipped": false
            },
            {
              "title": "leovegas #10 - basic accessibility smoke",
              "fullTitle": "Leovegas big generated suite leovegas #10 - basic accessibility smoke",
              "timedOut": null,
              "duration": 1721,
              "state": "passed",
              "speed": "fast",
              "pass": true,
              "fail": false,
              "pending": false,
              "context": null,
              "code": "const url = 'https://www.leovegas.es/';\ncy.visit(url, {\n  timeout: 30000\n});\n// Basic accessibility checks: images have alt and headings exist\ncy.document().then(doc => {\n  const imgs = Array.from(doc.querySelectorAll('img'));\n  if (!imgs || imgs.length === 0) {\n    cy.log('no images found on page');\n  } else {\n    const missingAlt = imgs.filter(i => !(i.getAttribute('alt') || '').trim());\n    if (missingAlt.length) cy.log(`${missingAlt.length}/${imgs.length} images missing alt attribute`);\n  }\n  const headings = doc.querySelectorAll('h1, h2, h3');\n  expect(headings.length).to.be.gte(1);\n});",
              "err": {},
              "uuid": "0f873607-a59c-4196-901e-c2c193476d84",
              "parentUUID": "b1b0a7c6-a896-4eee-a19b-f9efc02113c7",
              "isHook": false,
              "skipped": false
            },
            {
              "title": "leovegas #11 - ARIA landmarks and focusable elements",
              "fullTitle": "Leovegas big generated suite leovegas #11 - ARIA landmarks and focusable elements",
              "timedOut": null,
              "duration": 2085,
              "state": "passed",
              "speed": "fast",
              "pass": true,
              "fail": false,
              "pending": false,
              "context": null,
              "code": "const url = 'https://www.leovegas.es/';\ncy.visit(url, {\n  timeout: 30000\n});\n// Check for landmark elements and at least one focusable control\ncy.document().then(doc => {\n  const landmarks = doc.querySelectorAll('header, nav, main, footer, [role=\"main\"], [role=\"navigation\"], [role=\"banner\"], [role=\"contentinfo\"]');\n  if (!landmarks || landmarks.length === 0) cy.log('no ARIA landmarks found');\n  const focusables = doc.querySelectorAll('a[href], button, input, textarea, select, [tabindex]:not([tabindex=\"-1\"])');\n  expect(focusables.length).to.be.gte(1);\n});",
              "err": {},
              "uuid": "e09ce4cf-33d7-4c7e-8048-940a413aa58f",
              "parentUUID": "b1b0a7c6-a896-4eee-a19b-f9efc02113c7",
              "isHook": false,
              "skipped": false
            },
            {
              "title": "leovegas #12 - open Deportes (sports) section",
              "fullTitle": "Leovegas big generated suite leovegas #12 - open Deportes (sports) section",
              "timedOut": null,
              "duration": 2215,
              "state": "passed",
              "speed": "fast",
              "pass": true,
              "fail": false,
              "pending": false,
              "context": null,
              "code": "const url = 'https://www.leovegas.es/';\ncy.visit(url, {\n  timeout: 30000\n});\n// try header/nav link or any visible link that suggests sports\ncy.document().then(doc => {\n  const link = doc.querySelector('a[href*=\"deportes\" i], a[href*=\"sports\" i]') || Array.from(doc.querySelectorAll('a')).find(a => /deportes|sports|apuestas/i.test(a.textContent || ''));\n  if (!link) {\n    cy.log('no deportes link found');\n    return;\n  }\n  cy.wrap(link).click({\n    force: true\n  });\n  cy.location('pathname', {\n    timeout: 10000\n  }).then(p => {\n    if (!/deportes|sports|apuestas/i.test(p)) cy.log('navigated but path does not include deportes');\n  });\n});",
              "err": {},
              "uuid": "79b66b6e-e353-4a52-847e-2edea38b4355",
              "parentUUID": "b1b0a7c6-a896-4eee-a19b-f9efc02113c7",
              "isHook": false,
              "skipped": false
            },
            {
              "title": "leovegas #13 - find a match mentioning Malaga",
              "fullTitle": "Leovegas big generated suite leovegas #13 - find a match mentioning Malaga",
              "timedOut": null,
              "duration": 1161,
              "state": "passed",
              "speed": "fast",
              "pass": true,
              "fail": false,
              "pending": false,
              "context": null,
              "code": "// Assumes we are on Deportes page; if not, go there\ncy.document().then(doc => {\n  const hasDeportesPath = /deportes|sports|apuestas/i.test(location.pathname);\n  if (!hasDeportesPath) {\n    const link = doc.querySelector('a[href*=\"deportes\" i], a[href*=\"sports\" i]');\n    if (link) cy.wrap(link).click({\n      force: true\n    });\n  }\n});\ncy.wait(1000);\n// look for text nodes containing Malaga\ncy.document().then(doc => {\n  const matchEl = Array.from(doc.querySelectorAll('*')).find(el => /malaga/i.test(el.textContent || ''));\n  if (!matchEl) {\n    cy.log('no match with Malaga found');\n    return;\n  }\n  cy.wrap(matchEl).scrollIntoView();\n  cy.wrap(matchEl).should('be.visible');\n});",
              "err": {},
              "uuid": "211d0361-1221-4d0b-94c2-dfbbf50da01b",
              "parentUUID": "b1b0a7c6-a896-4eee-a19b-f9efc02113c7",
              "isHook": false,
              "skipped": false
            },
            {
              "title": "leovegas #14 - add Malaga win selection to betslip (do not place)",
              "fullTitle": "Leovegas big generated suite leovegas #14 - add Malaga win selection to betslip (do not place)",
              "timedOut": null,
              "duration": 1228,
              "state": "passed",
              "speed": "fast",
              "pass": true,
              "fail": false,
              "pending": false,
              "context": null,
              "code": "cy.document().then(doc => {\n  // Ensure on deportes page\n  const link = doc.querySelector('a[href*=\"deportes\" i], a[href*=\"sports\" i]');\n  if (link && !/deportes|sports|apuestas/i.test(location.pathname)) cy.wrap(link).click({\n    force: true\n  });\n});\ncy.wait(1200);\ncy.document().then(doc => {\n  // find an element that mentions Malaga and try to click an adjacent odds button\n  const candidate = Array.from(doc.querySelectorAll('*')).find(el => /malaga/i.test(el.textContent || ''));\n  if (!candidate) {\n    cy.log('no malaga element found to select');\n    return;\n  }\n  // search upward to a container that likely holds market buttons\n  let container = candidate;\n  for (let i = 0; i < 6 && container; i++) {\n    if (container.querySelector && container.querySelector('button, a')) break;\n    container = container.parentElement;\n  }\n  if (!container) {\n    cy.log('no market container found');\n    return;\n  }\n  // prefer odds-like buttons (numeric text)\n  const buttons = Array.from(container.querySelectorAll('button, a')).filter(b => /\\d+(\\.\\d+)?/.test((b.textContent || '').trim()));\n  const pick = buttons.length ? buttons[0] : container.querySelector('button, a');\n  if (!pick) {\n    cy.log('no selectable odds/button found near Malaga');\n    return;\n  }\n  cy.wrap(pick).click({\n    force: true\n  });\n  // now check for presence of betslip: common selectors or text\n  cy.document().then(d => {\n    const slip = d.querySelector('.betslip, .bet-slip, #betslip, [data-test*=\"bet\"]') || Array.from(d.querySelectorAll('*')).find(el => /bet ?slip|apuesta|ticket|ticket de apuesta/i.test(el.textContent || ''));\n    if (!slip) {\n      cy.log('no betslip panel detected after selection');\n      return;\n    }\n    cy.wrap(slip).scrollIntoView();\n    cy.wrap(slip).should('be.visible');\n    // verify it mentions Malaga\n    const texts = slip.textContent || '';\n    expect(/malaga/i.test(texts)).to.be.true;\n  });\n});",
              "err": {},
              "uuid": "085597ff-7b03-4298-b90c-1bc468b1c70e",
              "parentUUID": "b1b0a7c6-a896-4eee-a19b-f9efc02113c7",
              "isHook": false,
              "skipped": false
            }
          ],
          "suites": [],
          "passes": [
            "32262fa2-adb1-4be2-b7d0-e50d7ed5277b",
            "0d0a3267-8860-4407-8fe8-edfb49ec091c",
            "1b541fe9-40fd-4799-baeb-31f69972fc65",
            "40e0f07c-ee8d-4812-b51c-40c09b0ef53c",
            "abe7b7aa-30ac-49b7-b1ed-a1aa22cf1fe9",
            "dbbfc9c6-26e5-4c15-80fd-55e121c8203c",
            "c0e09ef6-e9fb-4272-80b9-f301d28793d8",
            "7e0d2247-86b4-4edc-b207-d6d8f691bee0",
            "e1f66446-3d80-41ac-ac3c-b53b67b7a872",
            "0f873607-a59c-4196-901e-c2c193476d84",
            "e09ce4cf-33d7-4c7e-8048-940a413aa58f",
            "79b66b6e-e353-4a52-847e-2edea38b4355",
            "211d0361-1221-4d0b-94c2-dfbbf50da01b",
            "085597ff-7b03-4298-b90c-1bc468b1c70e"
          ],
          "failures": [],
          "pending": [],
          "skipped": [],
          "duration": 32549,
          "root": false,
          "rootEmpty": false,
          "_timeout": 2000
        }
      ],
      "passes": [],
      "failures": [],
      "pending": [],
      "skipped": [],
      "duration": 0,
      "root": true,
      "rootEmpty": true,
      "_timeout": 2000
    },
    {
      "uuid": "f640047e-6c96-4b2c-ae09-482248e10d3a",
      "title": "",
      "fullFile": "cypress\\e2e\\sample_0001.spec.js",
      "file": "cypress\\e2e\\sample_0001.spec.js",
      "beforeHooks": [],
      "afterHooks": [],
      "tests": [],
      "suites": [
        {
          "uuid": "e51006cb-e7a9-4abb-881e-f8cda5f29af3",
          "title": "Sample auto test 1",
          "fullFile": "",
          "file": "",
          "beforeHooks": [],
          "afterHooks": [],
          "tests": [
            {
              "title": "visits homepage and checks elements",
              "fullTitle": "Sample auto test 1 visits homepage and checks elements",
              "timedOut": null,
              "duration": 3780,
              "state": "passed",
              "speed": "fast",
              "pass": true,
              "fail": false,
              "pending": false,
              "context": null,
              "code": "const url = 'https://www.leovegas.es/';\ncy.request({\n  url,\n  failOnStatusCode: false\n}).then(resp => {\n  expect([200, 301, 302, 403, 404]).to.include(resp.status);\n});\ncy.visit(url);\ncy.get('header').should('exist');\ncy.get('nav').its('length').should('be.gte', 0);\ncy.title().then(t => {\n  expect(t.length).to.be.at.least(0);\n});",
              "err": {},
              "uuid": "3ca892f8-dddc-4396-b293-b4669ff43291",
              "parentUUID": "e51006cb-e7a9-4abb-881e-f8cda5f29af3",
              "isHook": false,
              "skipped": false
            }
          ],
          "suites": [],
          "passes": [
            "3ca892f8-dddc-4396-b293-b4669ff43291"
          ],
          "failures": [],
          "pending": [],
          "skipped": [],
          "duration": 3780,
          "root": false,
          "rootEmpty": false,
          "_timeout": 2000
        }
      ],
      "passes": [],
      "failures": [],
      "pending": [],
      "skipped": [],
      "duration": 0,
      "root": true,
      "rootEmpty": true,
      "_timeout": 2000
    }
  ],
  "meta": {
    "mocha": {
      "version": "7.2.0"
    },
    "mochawesome": {
      "options": {
        "quiet": false,
        "reportFilename": "mochawesome",
        "saveHtml": false,
        "saveJson": true,
        "consoleReporter": "spec",
        "useInlineDiffs": false,
        "code": true
      },
      "version": "7.1.4"
    },
    "marge": {
      "options": {
        "reportDir": "cypress/results",
        "overwrite": false,
        "html": false,
        "json": true
      },
      "version": "6.3.2"
    }
  }
}