<?xml version="1.0" encoding="UTF-8"?>
<testsuite xmlns:xsi="http://www.w3.org/2001/XMLSchema-instance" xsi:noNamespaceSchemaLocation="https://maven.apache.org/surefire/maven-surefire-plugin/xsd/surefire-test-report-3.0.xsd" version="3.0" name="com.leovegas.apitest.PlaywrightMockApiTest" time="5.779" tests="6" errors="0" skipped="0" failures="0">
  <properties>
[...]
</properties>
  <testcase name="testHelloEndpoint" classname="com.leovegas.apitest.PlaywrightMockApiTest" time="0.081">
    <system-out><![CDATA[&amp#27;[36m[RUNNING] testHelloEndpoint()&amp#27;[0m
&amp#27;[32m[TEST] testHelloEndpoint() - PASS&amp#27;[0m
]]></system-out>
  </testcase>
  <testcase name="testEchoEndpoint" classname="com.leovegas.apitest.PlaywrightMockApiTest" time="0.01">
    <system-out><![CDATA[&amp#27;[36m[RUNNING] testEchoEndpoint()&amp#27;[0m
&amp#27;[32m[TEST] testEchoEndpoint() - PASS&amp#27;[0m
]]></system-out>
  </testcase>
  <testcase name="testLongResponseTime" classname="com.leovegas.apitest.PlaywrightMockApiTest" time="5.017">
    <system-out><![CDATA[&amp#27;[36m[RUNNING] testLongResponseTime()&amp#27;[0m
Response time for GET /long endpoint: 5013 ms
&amp#27;[32m[TEST] testLongResponseTime() - PASS&amp#27;[0m
]]></system-out>
  </testcase>
  <testcase name="testInvalidEndpoint" classname="com.leovegas.apitest.PlaywrightMockApiTest" time="0.008">
    <system-out><![CDATA[&amp#27;[36m[RUNNING] testInvalidEndpoint()&amp#27;[0m
&amp#27;[32m[TEST] testInvalidEndpoint() - PASS&amp#27;[0m
]]></system-out>
  </testcase>
  <testcase name="testEchoEndpointWithMissingOrInvalidPayload" classname="com.leovegas.apitest.PlaywrightMockApiTest" time="0.014">
    <system-out><![CDATA[&amp#27;[36m[RUNNING] testEchoEndpointWithMissingOrInvalidPayload()&amp#27;[0m
&amp#27;[32m[TEST] testEchoEndpointWithMissingOrInvalidPayload() - PASS&amp#27;[0m
]]></system-out>
  </testcase>
  <testcase name="testManyFieldsPayload" classname="com.leovegas.apitest.PlaywrightMockApiTest" time="0.006">
    <system-out><![CDATA[&amp#27;[36m[RUNNING] testManyFieldsPayload()&amp#27;[0m
&amp#27;[32m[TEST] testManyFieldsPayload() - PASS&amp#27;[0m
]]></system-out>
  </testcase>
</testsuite>