<?xml version="1.0" encoding="UTF-8"?>
<testsuite xmlns:xsi="http://www.w3.org/2001/XMLSchema-instance" xsi:noNamespaceSchemaLocation="https://maven.apache.org/surefire/maven-surefire-plugin/xsd/surefire-test-report-3.0.xsd" version="3.0" name="com.leovegas.apitest.MockApiJunitRestAssuredTest" time="8.201" tests="7" errors="0" skipped="0" failures="0">
  <properties>
[...]
</properties>
  <testcase name="testHelloEndpoint_jUnit" classname="com.leovegas.apitest.MockApiJunitRestAssuredTest" time="1.672">
    <system-out><![CDATA[&amp#27;[36m[RUNNING] testHelloEndpoint_jUnit()&amp#27;[0m
&amp#27;[32m[TEST] testHelloEndpoint_jUnit() - PASS&amp#27;[0m
]]></system-out>
    <system-err><![CDATA[SLF4J: Failed to load class "org.slf4j.impl.StaticLoggerBinder".
SLF4J: Defaulting to no-operation (NOP) logger implementation
SLF4J: See http://www.slf4j.org/codes.html#StaticLoggerBinder for further details.
]]></system-err>
  </testcase>
  <testcase name="testEchoEndpoint_jUnit" classname="com.leovegas.apitest.MockApiJunitRestAssuredTest" time="0.127">
    <system-out><![CDATA[&amp#27;[36m[RUNNING] testEchoEndpoint_jUnit()&amp#27;[0m
&amp#27;[32m[TEST] testEchoEndpoint_jUnit() - PASS&amp#27;[0m
]]></system-out>
  </testcase>
  <testcase name="testLongResponseTime_jUnit" classname="com.leovegas.apitest.MockApiJunitRestAssuredTest" time="5.022">
    <system-out><![CDATA[&amp#27;[36m[RUNNING] testLongResponseTime_jUnit()&amp#27;[0m
Response time for GET /long endpoint: 5007 ms
&amp#27;[32m[TEST] testLongResponseTime_jUnit() - PASS&amp#27;[0m
]]></system-out>
  </testcase>
  <testcase name="testInvalidEndpoint_jUnit" classname="com.leovegas.apitest.MockApiJunitRestAssuredTest" time="0.017">
    <system-out><![CDATA[&amp#27;[36m[RUNNING] testInvalidEndpoint_jUnit()&amp#27;[0m
&amp#27;[32m[TEST] testInvalidEndpoint_jUnit() - PASS&amp#27;[0m
]]></system-out>
  </testcase>
  <testcase name="testEchoEndpointWithMissingOrInvalidPayload_jUnit" classname="com.leovegas.apitest.MockApiJunitRestAssuredTest" time="0.121">
    <system-out><![CDATA[&amp#27;[36m[RUNNING] testEchoEndpointWithMissingOrInvalidPayload_jUnit()&amp#27;[0m
&amp#27;[32m[TEST] testEchoEndpointWithMissingOrInvalidPayload_jUnit() - PASS&amp#27;[0m
]]></system-out>
  </testcase>
  <testcase name="testManyFieldsPayload_jUnit" classname="com.leovegas.apitest.MockApiJunitRestAssuredTest" time="0.155">
    <system-out><![CDATA[&amp#27;[36m[RUNNING] testManyFieldsPayload_jUnit()&amp#27;[0m
&amp#27;[32m[TEST] testManyFieldsPayload_jUnit() - PASS&amp#27;[0m
]]></system-out>
  </testcase>
  <testcase name="testEchoEndpointWithLargePayload_jUnit" classname="com.leovegas.apitest.MockApiJunitRestAssuredTest" time="0.035">
    <system-out><![CDATA[&amp#27;[36m[RUNNING] testEchoEndpointWithLargePayload_jUnit()&amp#27;[0m
&amp#27;[32m[TEST] testEchoEndpointWithLargePayload_jUnit() - PASS&amp#27;[0m
]]></system-out>
  </testcase>
</testsuite>